-1.6
-encoding
UTF-8
-verbose
-classpath
/home/travis/.m2/repository/p2/osgi/bundle/ch.qos.logback.classic/1.0.7.v20121108-1250/ch.qos.logback.classic-1.0.7.v20121108-1250.jar:/home/travis/.m2/repository/p2/osgi/bundle/ch.qos.logback.core/1.0.7.v20121108-1250/ch.qos.logback.core-1.0.7.v20121108-1250.jar:/home/travis/.m2/repository/p2/osgi/bundle/org.slf4j.api/1.7.10.v20160921-1923/org.slf4j.api-1.7.10.v20160921-1923.jar:/home/travis/.m2/repository/p2/osgi/bundle/com.google.guava/21.0.0.v20170206-1425/com.google.guava-21.0.0.v20170206-1425.jar:/home/travis/.m2/repository/p2/osgi/bundle/javax.xml/1.3.4.v201005080400/javax.xml-1.3.4.v201005080400.jar:/home/travis/.m2/repository/p2/osgi/bundle/org.eclipse.osgi/3.11.3.v20170209-1843/org.eclipse.osgi-3.11.3.v20170209-1843.jar:/home/travis/build/scriptninja/redmine-mylyn-plugin/net.sf.redmine_mylyn.api/target/net.sf.redmine_mylyn.api-0.4.1-SNAPSHOT.jar:/home/travis/.m2/repository/p2/osgi/bundle/org.eclipse.core.runtime/3.12.0.v20160606-1342/org.eclipse.core.runtime-3.12.0.v20160606-1342.jar:/home/travis/.m2/repository/p2/osgi/bundle/org.eclipse.mylyn.commons.net/3.23.0.v20170411-1844/org.eclipse.mylyn.commons.net-3.23.0.v20170411-1844.jar:/home/travis/build/scriptninja/redmine-mylyn-plugin/net.sf.redmine_mylyn.common/target/net.sf.redmine_mylyn.common-0.4.1-SNAPSHOT.jar:/home/travis/.m2/repository/p2/osgi/bundle/org.json/1.0.0.v201011060100/org.json-1.0.0.v201011060100.jar:/home/travis/.m2/repository/p2/osgi/bundle/org.eclipse.osgi.services/3.5.100.v20160504-1419/org.eclipse.osgi.services-3.5.100.v20160504-1419.jar:/home/travis/.m2/repository/p2/osgi/bundle/org.eclipse.mylyn.commons.core/3.23.0.v20170411-1844/org.eclipse.mylyn.commons.core-3.23.0.v20170411-1844.jar:/home/travis/.m2/repository/p2/osgi/bundle/org.eclipse.mylyn.tasks.core/3.23.1.v20170623-0008/org.eclipse.mylyn.tasks.core-3.23.1.v20170623-0008.jar:/home/travis/.m2/repository/p2/osgi/bundle/org.aspectj.runtime/1.8.10.201703272045/org.aspectj.runtime-1.8.10.201703272045.jar:/home/travis/.m2/repository/p2/osgi/bundle/org.apache.commons.codec/1.9.0.v20170208-1614/org.apache.commons.codec-1.9.0.v20170208-1614.jar:/home/travis/.m2/repository/p2/osgi/bundle/org.apache.commons.httpclient/3.1.0.v201012070820/org.apache.commons.httpclient-3.1.0.v201012070820.jar:/home/travis/.m2/repository/p2/osgi/bundle/org.slf4j.jcl/1.7.2.v20130115-1340/org.slf4j.jcl-1.7.2.v20130115-1340.jar:/home/travis/.m2/repository/p2/osgi/bundle/org.apache.xerces/2.9.0.v201101211617/org.apache.xerces-2.9.0.v201101211617.jar:/home/travis/.m2/repository/p2/osgi/bundle/org.apache.xml.resolver/1.2.0.v201005080400/org.apache.xml.resolver-1.2.0.v201005080400.jar:/home/travis/.m2/repository/p2/osgi/bundle/org.apache.xml.serializer/2.7.1.v201005080400/org.apache.xml.serializer-2.7.1.v201005080400.jar:/home/travis/.m2/repository/p2/osgi/bundle/org.eclipse.core.contenttype/3.5.100.v20160418-1621/org.eclipse.core.contenttype-3.5.100.v20160418-1621.jar:/home/travis/.m2/repository/p2/osgi/bundle/org.eclipse.equinox.preferences/3.6.1.v20160815-1406/org.eclipse.equinox.preferences-3.6.1.v20160815-1406.jar:/home/travis/.m2/repository/p2/osgi/bundle/org.eclipse.equinox.registry/3.6.100.v20160223-2218/org.eclipse.equinox.registry-3.6.100.v20160223-2218.jar:/home/travis/.m2/repository/p2/osgi/bundle/org.eclipse.equinox.common/3.8.0.v20160509-1230/org.eclipse.equinox.common-3.8.0.v20160509-1230.jar:/home/travis/.m2/repository/p2/osgi/bundle/org.eclipse.core.jobs/3.8.0.v20160509-0411/org.eclipse.core.jobs-3.8.0.v20160509-0411.jar:/home/travis/.m2/repository/p2/osgi/bundle/org.eclipse.core.net/1.3.0.v20160418-1534/org.eclipse.core.net-1.3.0.v20160418-1534.jar:/home/travis/.m2/repository/p2/osgi/bundle/org.eclipse.equinox.security/1.2.200.v20150715-1528/org.eclipse.equinox.security-1.2.200.v20150715-1528.jar:/home/travis/.m2/repository/p2/osgi/bundle/org.eclipse.equinox.app/1.3.400.v20150715-1528/org.eclipse.equinox.app-1.3.400.v20150715-1528.jar:/home/travis/.m2/repository/p2/osgi/bundle/org.apache.commons.lang/2.6.0.v201404270220/org.apache.commons.lang-2.6.0.v201404270220.jar:/home/travis/.m2/repository/p2/osgi/bundle/org.eclipse.mylyn.commons.repositories.core/1.15.0.v20170411-1844/org.eclipse.mylyn.commons.repositories.core-1.15.0.v20170411-1844.jar:/home/travis/build/scriptninja/redmine-mylyn-plugin/net.sf.redmine_mylyn.core/target/classes
-d
/home/travis/build/scriptninja/redmine-mylyn-plugin/net.sf.redmine_mylyn.core/target/classes
/home/travis/build/scriptninja/redmine-mylyn-plugin/net.sf.redmine_mylyn.core/src/net/sf/redmine_mylyn/core/IRedmineClientManager.java
/home/travis/build/scriptninja/redmine-mylyn-plugin/net.sf.redmine_mylyn.core/src/net/sf/redmine_mylyn/core/IRedmineConstants.java
/home/travis/build/scriptninja/redmine-mylyn-plugin/net.sf.redmine_mylyn.core/src/net/sf/redmine_mylyn/core/IRedmineExtensionField.java
/home/travis/build/scriptninja/redmine-mylyn-plugin/net.sf.redmine_mylyn.core/src/net/sf/redmine_mylyn/core/IRedmineExtensionManager.java
/home/travis/build/scriptninja/redmine-mylyn-plugin/net.sf.redmine_mylyn.core/src/net/sf/redmine_mylyn/core/IRedmineSpentTimeManager.java
/home/travis/build/scriptninja/redmine-mylyn-plugin/net.sf.redmine_mylyn.core/src/net/sf/redmine_mylyn/core/IRedmineSpentTimeManagerListener.java
/home/travis/build/scriptninja/redmine-mylyn-plugin/net.sf.redmine_mylyn.core/src/net/sf/redmine_mylyn/core/RedmineAttribute.java
/home/travis/build/scriptninja/redmine-mylyn-plugin/net.sf.redmine_mylyn.core/src/net/sf/redmine_mylyn/core/RedmineCorePlugin.java
/home/travis/build/scriptninja/redmine-mylyn-plugin/net.sf.redmine_mylyn.core/src/net/sf/redmine_mylyn/core/RedmineOperation.java
/home/travis/build/scriptninja/redmine-mylyn-plugin/net.sf.redmine_mylyn.core/src/net/sf/redmine_mylyn/core/RedmineRepositoryConnector.java
/home/travis/build/scriptninja/redmine-mylyn-plugin/net.sf.redmine_mylyn.core/src/net/sf/redmine_mylyn/core/RedmineStatusException.java
/home/travis/build/scriptninja/redmine-mylyn-plugin/net.sf.redmine_mylyn.core/src/net/sf/redmine_mylyn/core/RedmineTaskAttributeMapper.java
/home/travis/build/scriptninja/redmine-mylyn-plugin/net.sf.redmine_mylyn.core/src/net/sf/redmine_mylyn/core/RedmineTaskDataHandler.java
/home/travis/build/scriptninja/redmine-mylyn-plugin/net.sf.redmine_mylyn.core/src/net/sf/redmine_mylyn/core/RedmineTaskTimeEntryMapper.java
/home/travis/build/scriptninja/redmine-mylyn-plugin/net.sf.redmine_mylyn.core/src/net/sf/redmine_mylyn/core/RedmineUtil.java
/home/travis/build/scriptninja/redmine-mylyn-plugin/net.sf.redmine_mylyn.core/src/net/sf/redmine_mylyn/core/client/ClientFactory.java
/home/travis/build/scriptninja/redmine-mylyn-plugin/net.sf.redmine_mylyn.core/src/net/sf/redmine_mylyn/core/client/IClient.java
/home/travis/build/scriptninja/redmine-mylyn-plugin/net.sf.redmine_mylyn.core/src/net/sf/redmine_mylyn/internal/core/IssueMapper.java
/home/travis/build/scriptninja/redmine-mylyn-plugin/net.sf.redmine_mylyn.core/src/net/sf/redmine_mylyn/internal/core/Messages.java
/home/travis/build/scriptninja/redmine-mylyn-plugin/net.sf.redmine_mylyn.core/src/net/sf/redmine_mylyn/internal/core/ProgressValues.java
/home/travis/build/scriptninja/redmine-mylyn-plugin/net.sf.redmine_mylyn.core/src/net/sf/redmine_mylyn/internal/core/PropertyAccessor.java
/home/travis/build/scriptninja/redmine-mylyn-plugin/net.sf.redmine_mylyn.core/src/net/sf/redmine_mylyn/internal/core/RedmineAttachmentHandler.java
/home/travis/build/scriptninja/redmine-mylyn-plugin/net.sf.redmine_mylyn.core/src/net/sf/redmine_mylyn/internal/core/RedmineExtensionManager.java
/home/travis/build/scriptninja/redmine-mylyn-plugin/net.sf.redmine_mylyn.core/src/net/sf/redmine_mylyn/internal/core/RedmineSpentTimeManager.java
/home/travis/build/scriptninja/redmine-mylyn-plugin/net.sf.redmine_mylyn.core/src/net/sf/redmine_mylyn/internal/core/RedmineTaskMapper.java
/home/travis/build/scriptninja/redmine-mylyn-plugin/net.sf.redmine_mylyn.core/src/net/sf/redmine_mylyn/internal/core/client/ApiWebHelper.java
/home/travis/build/scriptninja/redmine-mylyn-plugin/net.sf.redmine_mylyn.core/src/net/sf/redmine_mylyn/internal/core/client/Client.java
/home/travis/build/scriptninja/redmine-mylyn-plugin/net.sf.redmine_mylyn.core/src/net/sf/redmine_mylyn/internal/core/client/ClientManager.java
/home/travis/build/scriptninja/redmine-mylyn-plugin/net.sf.redmine_mylyn.core/src/net/sf/redmine_mylyn/internal/core/client/ErrrorCollector.java
/home/travis/build/scriptninja/redmine-mylyn-plugin/net.sf.redmine_mylyn.core/aspect/net/sf/redmine_mylyn/internal/core/accesscontrol/ReadonlyAttributeAspect.aj
